0 info it worked if it ends with ok
1 verbose cli [ 'node', '/usr/local/bin/npm', 'run', 'start' ]
2 info using npm@2.1.11
3 info using node@v0.10.33
4 verbose run-script [ 'prestart', 'start', 'poststart' ]
5 info prestart interview-questions@1.0.0
6 info start interview-questions@1.0.0
7 verbose unsafe-perm in lifecycle true
8 info interview-questions@1.0.0 Failed to exec start script
9 verbose stack Error: interview-questions@1.0.0 start: `browser-sync start --server --files '*.*`
9 verbose stack Exit status 2
9 verbose stack     at EventEmitter.<anonymous> (/usr/local/lib/node_modules/npm/lib/utils/lifecycle.js:212:16)
9 verbose stack     at EventEmitter.emit (events.js:98:17)
9 verbose stack     at ChildProcess.<anonymous> (/usr/local/lib/node_modules/npm/lib/utils/spawn.js:14:12)
9 verbose stack     at ChildProcess.emit (events.js:98:17)
9 verbose stack     at maybeClose (child_process.js:756:16)
9 verbose stack     at Process.ChildProcess._handle.onexit (child_process.js:823:5)
10 verbose pkgid interview-questions@1.0.0
11 verbose cwd /Users/kirjs/code/questions
12 error Darwin 13.4.0
13 error argv "node" "/usr/local/bin/npm" "run" "start"
14 error node v0.10.33
15 error npm  v2.1.11
16 error code ELIFECYCLE
17 error interview-questions@1.0.0 start: `browser-sync start --server --files '*.*`
17 error Exit status 2
18 error Failed at the interview-questions@1.0.0 start script 'browser-sync start --server --files '*.*'.
18 error This is most likely a problem with the interview-questions package,
18 error not with npm itself.
18 error Tell the author that this fails on your system:
18 error     browser-sync start --server --files '*.*
18 error You can get their info via:
18 error     npm owner ls interview-questions
18 error There is likely additional logging output above.
19 verbose exit [ 1, true ]
